<?xml version="1.0" encoding="UTF-8"?>
<testng-results ignored="0" total="4" passed="4" failed="0" skipped="0">
  <reporter-output>
  </reporter-output>
  <suite started-at="2024-01-14T22:50:14Z" name="Default suite" finished-at="2024-01-14T22:50:15Z" duration-ms="1595">
    <groups>
    </groups>
    <test started-at="2024-01-14T22:50:14Z" name="Default test" finished-at="2024-01-14T22:50:15Z" duration-ms="1595">
      <class name="Testscripts.Excel">
        <test-method signature="ReadData(java.lang.String, java.lang.String, java.lang.String, java.lang.String, java.lang.String)[pri:0, instance:Testscripts.Excel@20d7d6fb]" started-at="2024-01-14T22:50:15Z" name="ReadData" data-provider="getData" finished-at="2024-01-14T22:50:15Z" duration-ms="13" status="PASS">
          <params>
            <param index="0">
              <value>
                <![CDATA[1]]>
              </value>
            </param>
            <param index="1">
              <value>
                <![CDATA[Ajay Yadav]]>
              </value>
            </param>
            <param index="2">
              <value>
                <![CDATA[Test Lead]]>
              </value>
            </param>
            <param index="3">
              <value>
                <![CDATA[60000]]>
              </value>
            </param>
            <param index="4">
              <value>
                <![CDATA[IT]]>
              </value>
            </param>
          </params>
          <reporter-output>
          </reporter-output>
        </test-method> <!-- ReadData -->
        <test-method signature="ReadData(java.lang.String, java.lang.String, java.lang.String, java.lang.String, java.lang.String)[pri:0, instance:Testscripts.Excel@20d7d6fb]" started-at="2024-01-14T22:50:15Z" name="ReadData" data-provider="getData" finished-at="2024-01-14T22:50:15Z" duration-ms="9" status="PASS">
          <params>
            <param index="0">
              <value>
                <![CDATA[2]]>
              </value>
            </param>
            <param index="1">
              <value>
                <![CDATA[Anoop Negi]]>
              </value>
            </param>
            <param index="2">
              <value>
                <![CDATA[Lead Java Developer]]>
              </value>
            </param>
            <param index="3">
              <value>
                <![CDATA[76000]]>
              </value>
            </param>
            <param index="4">
              <value>
                <![CDATA[IT]]>
              </value>
            </param>
          </params>
          <reporter-output>
          </reporter-output>
        </test-method> <!-- ReadData -->
        <test-method signature="ReadData(java.lang.String, java.lang.String, java.lang.String, java.lang.String, java.lang.String)[pri:0, instance:Testscripts.Excel@20d7d6fb]" started-at="2024-01-14T22:50:15Z" name="ReadData" data-provider="getData" finished-at="2024-01-14T22:50:15Z" duration-ms="8" status="PASS">
          <params>
            <param index="0">
              <value>
                <![CDATA[3]]>
              </value>
            </param>
            <param index="1">
              <value>
                <![CDATA[Tanvi Kandpal]]>
              </value>
            </param>
            <param index="2">
              <value>
                <![CDATA[Full stack Developer]]>
              </value>
            </param>
            <param index="3">
              <value>
                <![CDATA[65000]]>
              </value>
            </param>
            <param index="4">
              <value>
                <![CDATA[IT]]>
              </value>
            </param>
          </params>
          <reporter-output>
          </reporter-output>
        </test-method> <!-- ReadData -->
        <test-method signature="ReadData(java.lang.String, java.lang.String, java.lang.String, java.lang.String, java.lang.String)[pri:0, instance:Testscripts.Excel@20d7d6fb]" started-at="2024-01-14T22:50:15Z" name="ReadData" data-provider="getData" finished-at="2024-01-14T22:50:15Z" duration-ms="7" status="PASS">
          <params>
            <param index="0">
              <value>
                <![CDATA[4]]>
              </value>
            </param>
            <param index="1">
              <value>
                <![CDATA[Sanket Mishra]]>
              </value>
            </param>
            <param index="2">
              <value>
                <![CDATA[Business Analist]]>
              </value>
            </param>
            <param index="3">
              <value>
                <![CDATA[88000]]>
              </value>
            </param>
            <param index="4">
              <value>
                <![CDATA[Business]]>
              </value>
            </param>
          </params>
          <reporter-output>
          </reporter-output>
        </test-method> <!-- ReadData -->
      </class> <!-- Testscripts.Excel -->
    </test> <!-- Default test -->
  </suite> <!-- Default suite -->
</testng-results>
